18:11:48.709 INFO  tests.TestBase   ### Start testloginNegativeTestWrongEmail
18:11:48.724 INFO  manager.MyListener Stsrt searching element byBy.xpath: //a[@href='/login']
18:11:48.782 INFO  manager.MyListener The element with locator byBy.xpath: //a[@href='/login']is found successfully
18:11:49.033 INFO  manager.MyListener Stsrt searching element byBy.xpath: //input[@name = 'emai']
18:11:59.146 INFO  manager.MyListener Something went wrong!
18:11:59.147 INFO  manager.MyListener no such element: Unable to locate element: {"method":"xpath","selector":"//input[@name = 'emai']"}
  (Session info: chrome=110.0.5481.178)
For documentation on this error, please visit: https://www.seleniumhq.org/exceptions/no_such_element.html
Build info: version: '3.141.59', revision: 'e82be7d358', time: '2018-11-14T08:17:03'
System info: host: 'DESKTOP-2844N9K', ip: '10.0.0.11', os.name: 'Windows 10', os.arch: 'amd64', os.version: '10.0', java.version: '1.8.0_333'
Driver info: org.openqa.selenium.chrome.ChromeDriver
Capabilities {acceptInsecureCerts: false, browserName: chrome, browserVersion: 110.0.5481.178, chrome: {chromedriverVersion: 110.0.5481.77 (65ed616c6e8e..., userDataDir: C:\Users\User\AppData\Local...}, goog:chromeOptions: {debuggerAddress: localhost:59413}, javascriptEnabled: true, networkConnectionEnabled: false, pageLoadStrategy: normal, platform: WINDOWS, platformName: WINDOWS, proxy: Proxy(), setWindowRect: true, strictFileInteractability: false, timeouts: {implicit: 0, pageLoad: 300000, script: 30000}, unhandledPromptBehavior: dismiss and notify, webauthn:extension:credBlob: true, webauthn:extension:largeBlob: true, webauthn:virtualAuthenticators: true}
Session ID: efd35ab8210f6a6525d307d6519fdd59
*** Element info: {Using=xpath, value=//input[@name = 'emai']}
18:11:59.148 INFO  manager.MyListener org.openqa.selenium.NoSuchElementException: no such element: Unable to locate element: {"method":"xpath","selector":"//input[@name = 'emai']"}
  (Session info: chrome=110.0.5481.178)
For documentation on this error, please visit: https://www.seleniumhq.org/exceptions/no_such_element.html
Build info: version: '3.141.59', revision: 'e82be7d358', time: '2018-11-14T08:17:03'
System info: host: 'DESKTOP-2844N9K', ip: '10.0.0.11', os.name: 'Windows 10', os.arch: 'amd64', os.version: '10.0', java.version: '1.8.0_333'
Driver info: org.openqa.selenium.chrome.ChromeDriver
Capabilities {acceptInsecureCerts: false, browserName: chrome, browserVersion: 110.0.5481.178, chrome: {chromedriverVersion: 110.0.5481.77 (65ed616c6e8e..., userDataDir: C:\Users\User\AppData\Local...}, goog:chromeOptions: {debuggerAddress: localhost:59413}, javascriptEnabled: true, networkConnectionEnabled: false, pageLoadStrategy: normal, platform: WINDOWS, platformName: WINDOWS, proxy: Proxy(), setWindowRect: true, strictFileInteractability: false, timeouts: {implicit: 0, pageLoad: 300000, script: 30000}, unhandledPromptBehavior: dismiss and notify, webauthn:extension:credBlob: true, webauthn:extension:largeBlob: true, webauthn:virtualAuthenticators: true}
Session ID: efd35ab8210f6a6525d307d6519fdd59
*** Element info: {Using=xpath, value=//input[@name = 'emai']}
18:11:59.496 INFO  manager.MyListener Here is the link to screenshot with error:src/test/screenShots/screen - 719.png
18:11:59.500 INFO  tests.TestBase    ### Finished ###
